2022-08-29 00:38:43,497:INFO:PyCaret Supervised Module
2022-08-29 00:38:43,497:INFO:ML Usecase: classification
2022-08-29 00:38:43,497:INFO:version 2.3.10
2022-08-29 00:38:43,497:INFO:Initializing setup()
2022-08-29 00:38:43,498:INFO:setup(target=enhancer, ml_usecase=classification, available_plots={'parameter': 'Hyperparameters', 'auc': 'AUC', 'confusion_matrix': 'Confusion Matrix', 'threshold': 'Threshold', 'pr': 'Precision Recall', 'error': 'Prediction Error', 'class_report': 'Class Report', 'rfe': 'Feature Selection', 'learning': 'Learning Curve', 'manifold': 'Manifold Learning', 'calibration': 'Calibration Curve', 'vc': 'Validation Curve', 'dimension': 'Dimensions', 'feature': 'Feature Importance', 'feature_all': 'Feature Importance (All)', 'boundary': 'Decision Boundary', 'lift': 'Lift Chart', 'gain': 'Gain Chart', 'tree': 'Decision Tree', 'ks': 'KS Statistic Plot'}, train_size=0.7, test_data=None, preprocess=True, imputation_type=simple, iterative_imputation_iters=5, categorical_features=None, categorical_imputation=constant, categorical_iterative_imputer=lightgbm, ordinal_features=None, high_cardinality_features=None, high_cardinality_method=frequency, numeric_features=None, numeric_imputation=mean, numeric_iterative_imputer=lightgbm, date_features=None, ignore_features=['Pos', 'gene_name'], normalize=False, normalize_method=zscore, transformation=False, transformation_method=yeo-johnson, handle_unknown_categorical=True, unknown_categorical_method=least_frequent, pca=False, pca_method=linear, pca_components=None, ignore_low_variance=False, combine_rare_levels=False, rare_level_threshold=0.1, bin_numeric_features=None, remove_outliers=False, outliers_threshold=0.05, remove_multicollinearity=False, multicollinearity_threshold=0.9, remove_perfect_collinearity=True, create_clusters=False, cluster_iter=20, polynomial_features=False, polynomial_degree=2, trigonometry_features=False, polynomial_threshold=0.1, group_features=None, group_names=None, feature_selection=False, feature_selection_threshold=0.8, feature_selection_method=classic, feature_interaction=False, feature_ratio=False, interaction_threshold=0.01, fix_imbalance=False, fix_imbalance_method=None, transform_target=False, transform_target_method=box-cox, data_split_shuffle=True, data_split_stratify=False, fold_strategy=stratifiedkfold, fold=10, fold_shuffle=False, fold_groups=None, n_jobs=-1, use_gpu=False, custom_pipeline=None, html=True, session_id=123, log_experiment=False, experiment_name=None, experiment_custom_tags=None, log_plots=False, log_profile=False, log_data=False, silent=False, verbose=True, profile=False, profile_kwargs=None, display=None)
2022-08-29 00:38:43,498:INFO:Checking environment
2022-08-29 00:38:43,498:INFO:python_version: 3.8.13
2022-08-29 00:38:43,498:INFO:python_build: ('default', 'Mar 28 2022 11:38:47')
2022-08-29 00:38:43,498:INFO:machine: x86_64
2022-08-29 00:38:43,498:INFO:platform: Linux-5.15.0-41-generic-x86_64-with-glibc2.17
2022-08-29 00:38:43,498:INFO:Memory: svmem(total=404281651200, available=325628522496, percent=19.5, used=76016435200, free=75952562176, active=147214061568, inactive=170773843968, buffers=1316130816, cached=250996523008, shared=4976640, slab=7128342528)
2022-08-29 00:38:43,502:INFO:Physical Core: 44
2022-08-29 00:38:43,502:INFO:Logical Core: 88
2022-08-29 00:38:43,502:INFO:Checking libraries
2022-08-29 00:38:43,502:INFO:pd==1.4.3
2022-08-29 00:38:43,502:INFO:numpy==1.19.5
2022-08-29 00:38:43,503:INFO:sklearn==0.23.2
2022-08-29 00:38:43,503:INFO:lightgbm==3.3.2
2022-08-29 00:38:43,503:WARNING:catboost not found
2022-08-29 00:38:43,503:WARNING:xgboost not found
2022-08-29 00:38:43,503:INFO:mlflow==1.28.0
2022-08-29 00:38:43,503:INFO:Checking Exceptions
2022-08-29 00:38:43,503:INFO:Declaring global variables
2022-08-29 00:38:43,504:INFO:USI: da15
2022-08-29 00:38:43,504:INFO:pycaret_globals: {'_all_metrics', '_available_plots', 'fold_generator', 'create_model_container', 'y_test', 'imputation_regressor', 'fold_shuffle_param', 'dashboard_logger', '_gpu_n_jobs_param', 'pycaret_globals', 'target_param', 'fold_groups_param_full', 'fold_groups_param', 'X', 'y', 'seed', 'prep_pipe', 'master_model_container', 'n_jobs_param', 'fix_imbalance_method_param', 'X_test', 'logging_param', '_ml_usecase', 'fold_param', '_internal_pipeline', '_all_models_internal', 'X_train', 'data_before_preprocess', 'stratify_param', 'y_train', 'transform_target_param', 'fix_imbalance_param', 'log_plots_param', '_all_models', 'exp_name_log', 'imputation_classifier', 'html_param', 'display_container', 'iterative_imputation_iters_param', 'experiment__', 'transform_target_method_param', 'USI', 'gpu_param'}
2022-08-29 00:38:43,504:INFO:Preparing display monitor
2022-08-29 00:38:43,504:INFO:Preparing display monitor
2022-08-29 00:38:43,525:INFO:Importing libraries
2022-08-29 00:38:43,525:INFO:Copying data for preprocessing
2022-08-29 00:38:43,536:INFO:Declaring preprocessing parameters
2022-08-29 00:38:43,538:INFO:Creating preprocessing pipeline
2022-08-29 00:38:43,557:INFO:Preprocessing pipeline created successfully
2022-08-29 00:38:43,557:ERROR:(Process Exit): setup has been interupted with user command 'quit'. setup must rerun.
2022-08-29 00:38:43,558:INFO:Creating global containers
2022-08-29 00:38:43,558:INFO:Internal pipeline: Pipeline(memory=None, steps=[('empty_step', 'passthrough')], verbose=False)
2022-08-29 00:47:03,531:WARNING:Couldn't import xgboost.XGBClassifier
2022-08-29 00:47:03,532:WARNING:Couldn't import catboost.CatBoostClassifier
2022-08-29 00:47:03,654:WARNING:Couldn't import xgboost.XGBClassifier
2022-08-29 00:47:03,655:WARNING:Couldn't import catboost.CatBoostClassifier
2022-08-29 00:47:03,656:INFO:Creating grid variables
2022-08-29 00:47:03,677:INFO:create_model_container: 0
2022-08-29 00:47:03,679:INFO:master_model_container: 0
2022-08-29 00:47:03,679:INFO:display_container: 1
2022-08-29 00:47:03,685:INFO:Pipeline(memory=None,
         steps=[('dtypes',
                 DataTypes_Auto_infer(categorical_features=[],
                                      display_types=True,
                                      features_todrop=['Pos', 'gene_name'],
                                      id_columns=[],
                                      ml_usecase='classification',
                                      numerical_features=[], target='enhancer',
                                      time_features=[])),
                ('imputer',
                 Simple_Imputer(categorical_strategy='not_available',
                                fill_value_categorical=None,
                                fill_value_numerical...
                ('scaling', 'passthrough'), ('P_transform', 'passthrough'),
                ('binn', 'passthrough'), ('rem_outliers', 'passthrough'),
                ('cluster_all', 'passthrough'),
                ('dummy', Dummify(target='enhancer')),
                ('fix_perfect', Remove_100(target='enhancer')),
                ('clean_names', Clean_Colum_Names()),
                ('feature_select', 'passthrough'), ('fix_multi', 'passthrough'),
                ('dfs', 'passthrough'), ('pca', 'passthrough')],
         verbose=False)
2022-08-29 00:47:03,685:INFO:setup() succesfully completed......................................
2022-08-29 01:00:37,850:INFO:gpu_param set to False
2022-08-29 01:00:37,980:WARNING:Couldn't import xgboost.XGBClassifier
2022-08-29 01:00:37,981:WARNING:Couldn't import catboost.CatBoostClassifier
2022-08-29 01:00:47,821:INFO:Initializing create_model()
2022-08-29 01:00:47,821:INFO:create_model(estimator=rf, fold=5, round=4, cross_validation=True, predict=True, fit_kwargs=None, groups=None, refit=True, verbose=True, system=True, metrics=None, experiment_custom_tags=None, add_to_model_list=True, probability_threshold=None, display=None, return_train_score=False, kwargs={})
2022-08-29 01:00:47,821:INFO:Checking exceptions
2022-08-29 01:00:47,821:INFO:Preparing display monitor
2022-08-29 01:00:47,844:INFO:Importing libraries
2022-08-29 01:00:47,844:INFO:Copying training dataset
2022-08-29 01:00:47,846:INFO:Defining folds
2022-08-29 01:00:47,846:INFO:Declaring metric variables
2022-08-29 01:00:47,854:INFO:Importing untrained model
2022-08-29 01:00:47,863:INFO:Random Forest Classifier Imported succesfully
2022-08-29 01:00:47,880:INFO:Starting cross validation
2022-08-29 01:00:47,881:INFO:Cross validating with StratifiedKFold(n_splits=5, random_state=None, shuffle=False), n_jobs=-1
2022-08-29 01:01:00,318:INFO:Calculating mean and std
2022-08-29 01:01:00,320:INFO:Creating metrics dataframe
2022-08-29 01:01:00,355:INFO:Finalizing model
2022-08-29 01:01:06,753:INFO:Uploading results into container
2022-08-29 01:01:06,753:INFO:Uploading model into container now
2022-08-29 01:01:06,819:INFO:create_model_container: 1
2022-08-29 01:01:06,819:INFO:master_model_container: 1
2022-08-29 01:01:06,820:INFO:display_container: 2
2022-08-29 01:01:06,820:INFO:RandomForestClassifier(bootstrap=True, ccp_alpha=0.0, class_weight=None,
                       criterion='gini', max_depth=None, max_features='auto',
                       max_leaf_nodes=None, max_samples=None,
                       min_impurity_decrease=0.0, min_impurity_split=None,
                       min_samples_leaf=1, min_samples_split=2,
                       min_weight_fraction_leaf=0.0, n_estimators=100,
                       n_jobs=-1, oob_score=False, random_state=123, verbose=0,
                       warm_start=False)
2022-08-29 01:01:06,820:INFO:create_model() succesfully completed......................................
2022-08-29 01:01:26,517:INFO:Initializing tune_model()
2022-08-29 01:01:26,518:INFO:tune_model(estimator=RandomForestClassifier(bootstrap=True, ccp_alpha=0.0, class_weight=None,
                       criterion='gini', max_depth=None, max_features='auto',
                       max_leaf_nodes=None, max_samples=None,
                       min_impurity_decrease=0.0, min_impurity_split=None,
                       min_samples_leaf=1, min_samples_split=2,
                       min_weight_fraction_leaf=0.0, n_estimators=100,
                       n_jobs=-1, oob_score=False, random_state=123, verbose=0,
                       warm_start=False), fold=None, round=4, n_iter=10, custom_grid=None, optimize=Accuracy, custom_scorer=None, search_library=scikit-learn, search_algorithm=None, early_stopping=False, early_stopping_max_iters=10, choose_better=False, fit_kwargs=None, groups=None, return_tuner=False, verbose=True, tuner_verbose=True, display=None, return_train_score=False, kwargs={})
2022-08-29 01:01:26,518:INFO:Checking exceptions
2022-08-29 01:01:26,519:INFO:Preparing display monitor
2022-08-29 01:01:26,573:INFO:Copying training dataset
2022-08-29 01:01:26,575:INFO:Checking base model
2022-08-29 01:01:26,575:INFO:Base model : Random Forest Classifier
2022-08-29 01:01:26,587:INFO:Declaring metric variables
2022-08-29 01:01:26,603:INFO:Defining Hyperparameters
2022-08-29 01:01:26,815:INFO:Tuning with n_jobs=-1
2022-08-29 01:01:26,815:INFO:Initializing RandomizedSearchCV
2022-08-29 01:01:47,525:INFO:best_params: {'actual_estimator__n_estimators': 130, 'actual_estimator__min_samples_split': 9, 'actual_estimator__min_samples_leaf': 5, 'actual_estimator__min_impurity_decrease': 0.0002, 'actual_estimator__max_features': 'log2', 'actual_estimator__max_depth': 4, 'actual_estimator__criterion': 'entropy', 'actual_estimator__class_weight': 'balanced_subsample', 'actual_estimator__bootstrap': True}
2022-08-29 01:01:47,527:INFO:Hyperparameter search completed
2022-08-29 01:01:47,527:INFO:SubProcess create_model() called ==================================
2022-08-29 01:01:47,528:INFO:Initializing create_model()
2022-08-29 01:01:47,528:INFO:create_model(estimator=RandomForestClassifier(bootstrap=True, ccp_alpha=0.0, class_weight=None,
                       criterion='gini', max_depth=None, max_features='auto',
                       max_leaf_nodes=None, max_samples=None,
                       min_impurity_decrease=0.0, min_impurity_split=None,
                       min_samples_leaf=1, min_samples_split=2,
                       min_weight_fraction_leaf=0.0, n_estimators=100,
                       n_jobs=-1, oob_score=False, random_state=123, verbose=0,
                       warm_start=False), fold=StratifiedKFold(n_splits=10, random_state=None, shuffle=False), round=4, cross_validation=True, predict=True, fit_kwargs={}, groups=None, refit=True, verbose=True, system=False, metrics=None, experiment_custom_tags=None, add_to_model_list=True, probability_threshold=None, display=<pycaret.internal.Display.Display object at 0x7fa22baf18e0>, return_train_score=False, kwargs={'n_estimators': 130, 'min_samples_split': 9, 'min_samples_leaf': 5, 'min_impurity_decrease': 0.0002, 'max_features': 'log2', 'max_depth': 4, 'criterion': 'entropy', 'class_weight': 'balanced_subsample', 'bootstrap': True})
2022-08-29 01:01:47,528:INFO:Checking exceptions
2022-08-29 01:01:47,528:INFO:Importing libraries
2022-08-29 01:01:47,529:INFO:Copying training dataset
2022-08-29 01:01:47,530:INFO:Defining folds
2022-08-29 01:01:47,530:INFO:Declaring metric variables
2022-08-29 01:01:47,570:INFO:Importing untrained model
2022-08-29 01:01:47,570:INFO:Declaring custom model
2022-08-29 01:01:47,624:INFO:Random Forest Classifier Imported succesfully
2022-08-29 01:01:47,643:INFO:Starting cross validation
2022-08-29 01:01:47,644:INFO:Cross validating with StratifiedKFold(n_splits=10, random_state=None, shuffle=False), n_jobs=-1
2022-08-29 01:01:56,746:INFO:Calculating mean and std
2022-08-29 01:01:56,748:INFO:Creating metrics dataframe
2022-08-29 01:01:56,762:INFO:Finalizing model
2022-08-29 01:02:03,891:INFO:Uploading results into container
2022-08-29 01:02:03,891:INFO:Uploading model into container now
2022-08-29 01:02:03,891:INFO:create_model_container: 2
2022-08-29 01:02:03,891:INFO:master_model_container: 2
2022-08-29 01:02:03,891:INFO:display_container: 3
2022-08-29 01:02:03,892:INFO:RandomForestClassifier(bootstrap=True, ccp_alpha=0.0,
                       class_weight='balanced_subsample', criterion='entropy',
                       max_depth=4, max_features='log2', max_leaf_nodes=None,
                       max_samples=None, min_impurity_decrease=0.0002,
                       min_impurity_split=None, min_samples_leaf=5,
                       min_samples_split=9, min_weight_fraction_leaf=0.0,
                       n_estimators=130, n_jobs=-1, oob_score=False,
                       random_state=123, verbose=0, warm_start=False)
2022-08-29 01:02:03,892:INFO:create_model() succesfully completed......................................
2022-08-29 01:02:04,167:INFO:SubProcess create_model() end ==================================
2022-08-29 01:02:04,200:INFO:create_model_container: 2
2022-08-29 01:02:04,200:INFO:master_model_container: 2
2022-08-29 01:02:04,201:INFO:display_container: 3
2022-08-29 01:02:04,201:INFO:RandomForestClassifier(bootstrap=True, ccp_alpha=0.0,
                       class_weight='balanced_subsample', criterion='entropy',
                       max_depth=4, max_features='log2', max_leaf_nodes=None,
                       max_samples=None, min_impurity_decrease=0.0002,
                       min_impurity_split=None, min_samples_leaf=5,
                       min_samples_split=9, min_weight_fraction_leaf=0.0,
                       n_estimators=130, n_jobs=-1, oob_score=False,
                       random_state=123, verbose=0, warm_start=False)
2022-08-29 01:02:04,202:INFO:tune_model() succesfully completed......................................
2022-08-29 01:02:39,494:INFO:Initializing plot_model()
2022-08-29 01:02:39,494:INFO:plot_model(fold=None, use_train_data=False, verbose=True, is_in_evaluate=False, display=None, display_format=None, estimator=RandomForestClassifier(bootstrap=True, ccp_alpha=0.0,
                       class_weight='balanced_subsample', criterion='entropy',
                       max_depth=4, max_features='log2', max_leaf_nodes=None,
                       max_samples=None, min_impurity_decrease=0.0002,
                       min_impurity_split=None, min_samples_leaf=5,
                       min_samples_split=9, min_weight_fraction_leaf=0.0,
                       n_estimators=130, n_jobs=-1, oob_score=False,
                       random_state=123, verbose=0, warm_start=False), feature_name=None, fit_kwargs=None, groups=None, label=False, plot=auc, plot_kwargs=None, save=False, scale=1, system=True)
2022-08-29 01:02:39,494:INFO:Checking exceptions
2022-08-29 01:02:40,270:INFO:Preparing display monitor
2022-08-29 01:02:40,298:INFO:Preloading libraries
2022-08-29 01:02:40,339:INFO:Copying training dataset
2022-08-29 01:02:40,340:INFO:Copying test dataset
2022-08-29 01:02:40,340:INFO:Plot type: auc
2022-08-29 01:02:42,034:INFO:Initializing get_config()
2022-08-29 01:02:42,034:INFO:get_config(variable=prep_pipe)
2022-08-29 01:02:42,040:INFO:Global variable: prep_pipe returned as Pipeline(memory=None,
         steps=[('dtypes',
                 DataTypes_Auto_infer(categorical_features=[],
                                      display_types=True,
                                      features_todrop=['Pos', 'gene_name'],
                                      id_columns=[],
                                      ml_usecase='classification',
                                      numerical_features=[], target='enhancer',
                                      time_features=[])),
                ('imputer',
                 Simple_Imputer(categorical_strategy='not_available',
                                fill_value_categorical=None,
                                fill_value_numerical...
                ('scaling', 'passthrough'), ('P_transform', 'passthrough'),
                ('binn', 'passthrough'), ('rem_outliers', 'passthrough'),
                ('cluster_all', 'passthrough'),
                ('dummy', Dummify(target='enhancer')),
                ('fix_perfect', Remove_100(target='enhancer')),
                ('clean_names', Clean_Colum_Names()),
                ('feature_select', 'passthrough'), ('fix_multi', 'passthrough'),
                ('dfs', 'passthrough'), ('pca', 'passthrough')],
         verbose=False)
2022-08-29 01:02:42,040:INFO:get_config() succesfully completed......................................
2022-08-29 01:02:42,041:INFO:Fitting Model
2022-08-29 01:02:42,047:INFO:Scoring test/hold-out set
2022-08-29 01:02:44,896:INFO:Visual Rendered Successfully
2022-08-29 01:02:45,117:INFO:plot_model() succesfully completed......................................
2022-08-29 01:02:47,748:INFO:Initializing plot_model()
2022-08-29 01:02:47,748:INFO:plot_model(fold=None, use_train_data=False, verbose=True, is_in_evaluate=False, display=None, display_format=None, estimator=RandomForestClassifier(bootstrap=True, ccp_alpha=0.0,
                       class_weight='balanced_subsample', criterion='entropy',
                       max_depth=4, max_features='log2', max_leaf_nodes=None,
                       max_samples=None, min_impurity_decrease=0.0002,
                       min_impurity_split=None, min_samples_leaf=5,
                       min_samples_split=9, min_weight_fraction_leaf=0.0,
                       n_estimators=130, n_jobs=-1, oob_score=False,
                       random_state=123, verbose=0, warm_start=False), feature_name=None, fit_kwargs=None, groups=None, label=False, plot=pr, plot_kwargs=None, save=False, scale=1, system=True)
2022-08-29 01:02:47,749:INFO:Checking exceptions
2022-08-29 01:02:48,722:INFO:Preparing display monitor
2022-08-29 01:02:48,756:INFO:Preloading libraries
2022-08-29 01:02:48,776:INFO:Copying training dataset
2022-08-29 01:02:48,776:INFO:Copying test dataset
2022-08-29 01:02:48,777:INFO:Plot type: pr
2022-08-29 01:02:50,915:INFO:Fitting Model
2022-08-29 01:02:50,917:INFO:Scoring test/hold-out set
2022-08-29 01:02:53,707:INFO:Visual Rendered Successfully
2022-08-29 01:02:53,935:INFO:plot_model() succesfully completed......................................
2022-08-29 01:02:56,802:INFO:Initializing plot_model()
2022-08-29 01:02:56,803:INFO:plot_model(fold=None, use_train_data=False, verbose=True, is_in_evaluate=False, display=None, display_format=None, estimator=RandomForestClassifier(bootstrap=True, ccp_alpha=0.0,
                       class_weight='balanced_subsample', criterion='entropy',
                       max_depth=4, max_features='log2', max_leaf_nodes=None,
                       max_samples=None, min_impurity_decrease=0.0002,
                       min_impurity_split=None, min_samples_leaf=5,
                       min_samples_split=9, min_weight_fraction_leaf=0.0,
                       n_estimators=130, n_jobs=-1, oob_score=False,
                       random_state=123, verbose=0, warm_start=False), feature_name=None, fit_kwargs=None, groups=None, label=False, plot=feature, plot_kwargs=None, save=False, scale=1, system=True)
2022-08-29 01:02:56,803:INFO:Checking exceptions
2022-08-29 01:02:57,842:INFO:Preparing display monitor
2022-08-29 01:02:57,866:INFO:Preloading libraries
2022-08-29 01:02:57,917:INFO:Copying training dataset
2022-08-29 01:02:57,930:INFO:Copying test dataset
2022-08-29 01:02:57,931:INFO:Plot type: feature
2022-08-29 01:02:59,690:WARNING:No coef_ found. Trying feature_importances_
2022-08-29 01:03:00,810:INFO:Visual Rendered Successfully
2022-08-29 01:03:01,178:INFO:plot_model() succesfully completed......................................
2022-08-29 01:03:01,996:INFO:Initializing plot_model()
2022-08-29 01:03:01,997:INFO:plot_model(fold=None, use_train_data=False, verbose=True, is_in_evaluate=False, display=None, display_format=None, estimator=RandomForestClassifier(bootstrap=True, ccp_alpha=0.0,
                       class_weight='balanced_subsample', criterion='entropy',
                       max_depth=4, max_features='log2', max_leaf_nodes=None,
                       max_samples=None, min_impurity_decrease=0.0002,
                       min_impurity_split=None, min_samples_leaf=5,
                       min_samples_split=9, min_weight_fraction_leaf=0.0,
                       n_estimators=130, n_jobs=-1, oob_score=False,
                       random_state=123, verbose=0, warm_start=False), feature_name=None, fit_kwargs=None, groups=None, label=False, plot=confusion_matrix, plot_kwargs=None, save=False, scale=1, system=True)
2022-08-29 01:03:01,997:INFO:Checking exceptions
2022-08-29 01:03:02,866:INFO:Preparing display monitor
2022-08-29 01:03:02,911:INFO:Preloading libraries
2022-08-29 01:03:03,001:INFO:Copying training dataset
2022-08-29 01:03:03,002:INFO:Copying test dataset
2022-08-29 01:03:03,003:INFO:Plot type: confusion_matrix
2022-08-29 01:03:05,230:INFO:Initializing get_config()
2022-08-29 01:03:05,231:INFO:get_config(variable=prep_pipe)
2022-08-29 01:03:05,236:INFO:Global variable: prep_pipe returned as Pipeline(memory=None,
         steps=[('dtypes',
                 DataTypes_Auto_infer(categorical_features=[],
                                      display_types=True,
                                      features_todrop=['Pos', 'gene_name'],
                                      id_columns=[],
                                      ml_usecase='classification',
                                      numerical_features=[], target='enhancer',
                                      time_features=[])),
                ('imputer',
                 Simple_Imputer(categorical_strategy='not_available',
                                fill_value_categorical=None,
                                fill_value_numerical...
                ('scaling', 'passthrough'), ('P_transform', 'passthrough'),
                ('binn', 'passthrough'), ('rem_outliers', 'passthrough'),
                ('cluster_all', 'passthrough'),
                ('dummy', Dummify(target='enhancer')),
                ('fix_perfect', Remove_100(target='enhancer')),
                ('clean_names', Clean_Colum_Names()),
                ('feature_select', 'passthrough'), ('fix_multi', 'passthrough'),
                ('dfs', 'passthrough'), ('pca', 'passthrough')],
         verbose=False)
2022-08-29 01:03:05,236:INFO:get_config() succesfully completed......................................
2022-08-29 01:03:05,238:INFO:Fitting Model
2022-08-29 01:03:05,239:INFO:Scoring test/hold-out set
2022-08-29 01:03:07,253:INFO:Visual Rendered Successfully
2022-08-29 01:03:07,522:INFO:plot_model() succesfully completed......................................
2022-08-29 01:03:09,049:INFO:Initializing evaluate_model()
2022-08-29 01:03:09,049:INFO:evaluate_model(estimator=RandomForestClassifier(bootstrap=True, ccp_alpha=0.0,
                       class_weight='balanced_subsample', criterion='entropy',
                       max_depth=4, max_features='log2', max_leaf_nodes=None,
                       max_samples=None, min_impurity_decrease=0.0002,
                       min_impurity_split=None, min_samples_leaf=5,
                       min_samples_split=9, min_weight_fraction_leaf=0.0,
                       n_estimators=130, n_jobs=-1, oob_score=False,
                       random_state=123, verbose=0, warm_start=False), fold=None, fit_kwargs=None, plot_kwargs=None, feature_name=None, groups=None, use_train_data=False)
2022-08-29 01:03:09,096:INFO:Initializing plot_model()
2022-08-29 01:03:09,184:INFO:plot_model(fold=StratifiedKFold(n_splits=10, random_state=None, shuffle=False), use_train_data=False, verbose=True, is_in_evaluate=True, display=None, display_format=None, estimator=RandomForestClassifier(bootstrap=True, ccp_alpha=0.0,
                       class_weight='balanced_subsample', criterion='entropy',
                       max_depth=4, max_features='log2', max_leaf_nodes=None,
                       max_samples=None, min_impurity_decrease=0.0002,
                       min_impurity_split=None, min_samples_leaf=5,
                       min_samples_split=9, min_weight_fraction_leaf=0.0,
                       n_estimators=130, n_jobs=-1, oob_score=False,
                       random_state=123, verbose=0, warm_start=False), feature_name=None, fit_kwargs={}, groups=None, label=False, plot=parameter, plot_kwargs={}, save=False, scale=1, system=True)
2022-08-29 01:03:09,184:INFO:Checking exceptions
2022-08-29 01:03:09,921:INFO:Preparing display monitor
2022-08-29 01:03:09,971:INFO:Preloading libraries
2022-08-29 01:03:10,021:INFO:Copying training dataset
2022-08-29 01:03:10,022:INFO:Copying test dataset
2022-08-29 01:03:10,023:INFO:Plot type: parameter
2022-08-29 01:03:11,718:INFO:Visual Rendered Successfully
2022-08-29 01:03:12,113:INFO:plot_model() succesfully completed......................................
2022-08-29 01:05:01,427:INFO:Initializing evaluate_model()
2022-08-29 01:05:01,427:INFO:evaluate_model(estimator=RandomForestClassifier(bootstrap=True, ccp_alpha=0.0,
                       class_weight='balanced_subsample', criterion='entropy',
                       max_depth=4, max_features='log2', max_leaf_nodes=None,
                       max_samples=None, min_impurity_decrease=0.0002,
                       min_impurity_split=None, min_samples_leaf=5,
                       min_samples_split=9, min_weight_fraction_leaf=0.0,
                       n_estimators=130, n_jobs=-1, oob_score=False,
                       random_state=123, verbose=0, warm_start=False), fold=None, fit_kwargs=None, plot_kwargs=None, feature_name=None, groups=None, use_train_data=False)
2022-08-29 01:05:01,514:INFO:Initializing plot_model()
2022-08-29 01:05:01,515:INFO:plot_model(fold=StratifiedKFold(n_splits=10, random_state=None, shuffle=False), use_train_data=False, verbose=True, is_in_evaluate=True, display=None, display_format=None, estimator=RandomForestClassifier(bootstrap=True, ccp_alpha=0.0,
                       class_weight='balanced_subsample', criterion='entropy',
                       max_depth=4, max_features='log2', max_leaf_nodes=None,
                       max_samples=None, min_impurity_decrease=0.0002,
                       min_impurity_split=None, min_samples_leaf=5,
                       min_samples_split=9, min_weight_fraction_leaf=0.0,
                       n_estimators=130, n_jobs=-1, oob_score=False,
                       random_state=123, verbose=0, warm_start=False), feature_name=None, fit_kwargs={}, groups=None, label=False, plot=parameter, plot_kwargs={}, save=False, scale=1, system=True)
2022-08-29 01:05:01,515:INFO:Checking exceptions
2022-08-29 01:05:02,570:INFO:Preparing display monitor
2022-08-29 01:05:02,606:INFO:Preloading libraries
2022-08-29 01:05:02,631:INFO:Copying training dataset
2022-08-29 01:05:02,633:INFO:Copying test dataset
2022-08-29 01:05:02,634:INFO:Plot type: parameter
2022-08-29 01:05:04,733:INFO:Visual Rendered Successfully
2022-08-29 01:05:05,022:INFO:plot_model() succesfully completed......................................
2022-08-29 01:05:26,655:INFO:Initializing compare_models()
2022-08-29 01:05:26,657:INFO:compare_models(include=None, fold=None, round=4, cross_validation=True, sort=Accuracy, n_select=1, budget_time=None, turbo=True, errors=ignore, fit_kwargs=None, groups=None, experiment_custom_tags=None, probability_threshold=None, verbose=True, display=None, exclude=None)
2022-08-29 01:05:26,657:INFO:Checking exceptions
2022-08-29 01:05:26,658:INFO:Preparing display monitor
2022-08-29 01:05:26,658:INFO:Preparing display monitor
2022-08-29 01:05:26,698:INFO:Initializing Logistic Regression
2022-08-29 01:05:26,698:INFO:Total runtime is 3.846486409505208e-06 minutes
2022-08-29 01:05:26,707:INFO:SubProcess create_model() called ==================================
2022-08-29 01:05:26,708:INFO:Initializing create_model()
2022-08-29 01:05:26,708:INFO:create_model(estimator=lr, fold=StratifiedKFold(n_splits=10, random_state=None, shuffle=False), round=4, cross_validation=True, predict=True, fit_kwargs={}, groups=None, refit=False, verbose=False, system=False, metrics=None, experiment_custom_tags=None, add_to_model_list=True, probability_threshold=None, display=<pycaret.internal.Display.Display object at 0x7fa50c7712b0>, return_train_score=False, kwargs={})
2022-08-29 01:05:26,708:INFO:Checking exceptions
2022-08-29 01:05:26,708:INFO:Importing libraries
2022-08-29 01:05:26,708:INFO:Copying training dataset
2022-08-29 01:05:26,709:INFO:Defining folds
2022-08-29 01:05:26,709:INFO:Declaring metric variables
2022-08-29 01:05:26,719:INFO:Importing untrained model
2022-08-29 01:05:26,728:INFO:Logistic Regression Imported succesfully
2022-08-29 01:05:26,746:INFO:Starting cross validation
2022-08-29 01:05:26,746:INFO:Cross validating with StratifiedKFold(n_splits=10, random_state=None, shuffle=False), n_jobs=-1
2022-08-29 01:05:26,981:INFO:Calculating mean and std
2022-08-29 01:05:26,983:INFO:Creating metrics dataframe
2022-08-29 01:05:26,990:INFO:Uploading results into container
2022-08-29 01:05:26,991:INFO:Uploading model into container now
2022-08-29 01:05:26,991:INFO:create_model_container: 3
2022-08-29 01:05:26,991:INFO:master_model_container: 3
2022-08-29 01:05:26,991:INFO:display_container: 4
2022-08-29 01:05:26,991:INFO:LogisticRegression(C=1.0, class_weight=None, dual=False, fit_intercept=True,
                   intercept_scaling=1, l1_ratio=None, max_iter=1000,
                   multi_class='auto', n_jobs=None, penalty='l2',
                   random_state=123, solver='lbfgs', tol=0.0001, verbose=0,
                   warm_start=False)
2022-08-29 01:05:26,991:INFO:create_model() succesfully completed......................................
2022-08-29 01:05:27,329:INFO:SubProcess create_model() end ==================================
2022-08-29 01:05:27,329:INFO:Creating metrics dataframe
2022-08-29 01:05:27,345:INFO:Initializing K Neighbors Classifier
2022-08-29 01:05:27,345:INFO:Total runtime is 0.010793018341064452 minutes
2022-08-29 01:05:27,356:INFO:SubProcess create_model() called ==================================
2022-08-29 01:05:27,356:INFO:Initializing create_model()
2022-08-29 01:05:27,375:INFO:create_model(estimator=knn, fold=StratifiedKFold(n_splits=10, random_state=None, shuffle=False), round=4, cross_validation=True, predict=True, fit_kwargs={}, groups=None, refit=False, verbose=False, system=False, metrics=None, experiment_custom_tags=None, add_to_model_list=True, probability_threshold=None, display=<pycaret.internal.Display.Display object at 0x7fa50c7712b0>, return_train_score=False, kwargs={})
2022-08-29 01:05:27,375:INFO:Checking exceptions
2022-08-29 01:05:27,375:INFO:Importing libraries
2022-08-29 01:05:27,375:INFO:Copying training dataset
2022-08-29 01:05:27,377:INFO:Defining folds
2022-08-29 01:05:27,377:INFO:Declaring metric variables
2022-08-29 01:05:27,387:INFO:Importing untrained model
2022-08-29 01:05:27,396:INFO:K Neighbors Classifier Imported succesfully
2022-08-29 01:05:27,413:INFO:Starting cross validation
2022-08-29 01:05:27,414:INFO:Cross validating with StratifiedKFold(n_splits=10, random_state=None, shuffle=False), n_jobs=-1
2022-08-29 01:05:29,674:INFO:Calculating mean and std
2022-08-29 01:05:29,676:INFO:Creating metrics dataframe
2022-08-29 01:05:29,684:INFO:Uploading results into container
2022-08-29 01:05:29,684:INFO:Uploading model into container now
2022-08-29 01:05:29,684:INFO:create_model_container: 4
2022-08-29 01:05:29,684:INFO:master_model_container: 4
2022-08-29 01:05:29,684:INFO:display_container: 4
2022-08-29 01:05:29,685:INFO:KNeighborsClassifier(algorithm='auto', leaf_size=30, metric='minkowski',
                     metric_params=None, n_jobs=-1, n_neighbors=5, p=2,
                     weights='uniform')
2022-08-29 01:05:29,685:INFO:create_model() succesfully completed......................................
2022-08-29 01:05:30,017:INFO:SubProcess create_model() end ==================================
2022-08-29 01:05:30,018:INFO:Creating metrics dataframe
2022-08-29 01:05:30,052:INFO:Initializing Naive Bayes
2022-08-29 01:05:30,052:INFO:Total runtime is 0.05591021378835043 minutes
2022-08-29 01:05:30,062:INFO:SubProcess create_model() called ==================================
2022-08-29 01:05:30,062:INFO:Initializing create_model()
2022-08-29 01:05:30,063:INFO:create_model(estimator=nb, fold=StratifiedKFold(n_splits=10, random_state=None, shuffle=False), round=4, cross_validation=True, predict=True, fit_kwargs={}, groups=None, refit=False, verbose=False, system=False, metrics=None, experiment_custom_tags=None, add_to_model_list=True, probability_threshold=None, display=<pycaret.internal.Display.Display object at 0x7fa50c7712b0>, return_train_score=False, kwargs={})
2022-08-29 01:05:30,063:INFO:Checking exceptions
2022-08-29 01:05:30,063:INFO:Importing libraries
2022-08-29 01:05:30,063:INFO:Copying training dataset
2022-08-29 01:05:30,064:INFO:Defining folds
2022-08-29 01:05:30,064:INFO:Declaring metric variables
2022-08-29 01:05:30,072:INFO:Importing untrained model
2022-08-29 01:05:30,081:INFO:Naive Bayes Imported succesfully
2022-08-29 01:05:30,099:INFO:Starting cross validation
2022-08-29 01:05:30,100:INFO:Cross validating with StratifiedKFold(n_splits=10, random_state=None, shuffle=False), n_jobs=-1
2022-08-29 01:05:30,322:INFO:Calculating mean and std
2022-08-29 01:05:30,324:INFO:Creating metrics dataframe
2022-08-29 01:05:30,332:INFO:Uploading results into container
2022-08-29 01:05:30,332:INFO:Uploading model into container now
2022-08-29 01:05:30,332:INFO:create_model_container: 5
2022-08-29 01:05:30,332:INFO:master_model_container: 5
2022-08-29 01:05:30,332:INFO:display_container: 4
2022-08-29 01:05:30,332:INFO:GaussianNB(priors=None, var_smoothing=1e-09)
2022-08-29 01:05:30,332:INFO:create_model() succesfully completed......................................
2022-08-29 01:05:30,652:INFO:SubProcess create_model() end ==================================
2022-08-29 01:05:30,652:INFO:Creating metrics dataframe
2022-08-29 01:05:30,670:INFO:Initializing Decision Tree Classifier
2022-08-29 01:05:30,670:INFO:Total runtime is 0.06620911757151286 minutes
2022-08-29 01:05:30,681:INFO:SubProcess create_model() called ==================================
2022-08-29 01:05:30,681:INFO:Initializing create_model()
2022-08-29 01:05:30,681:INFO:create_model(estimator=dt, fold=StratifiedKFold(n_splits=10, random_state=None, shuffle=False), round=4, cross_validation=True, predict=True, fit_kwargs={}, groups=None, refit=False, verbose=False, system=False, metrics=None, experiment_custom_tags=None, add_to_model_list=True, probability_threshold=None, display=<pycaret.internal.Display.Display object at 0x7fa50c7712b0>, return_train_score=False, kwargs={})
2022-08-29 01:05:30,681:INFO:Checking exceptions
2022-08-29 01:05:30,681:INFO:Importing libraries
2022-08-29 01:05:30,681:INFO:Copying training dataset
2022-08-29 01:05:30,683:INFO:Defining folds
2022-08-29 01:05:30,683:INFO:Declaring metric variables
2022-08-29 01:05:30,691:INFO:Importing untrained model
2022-08-29 01:05:30,700:INFO:Decision Tree Classifier Imported succesfully
2022-08-29 01:05:30,717:INFO:Starting cross validation
2022-08-29 01:05:30,718:INFO:Cross validating with StratifiedKFold(n_splits=10, random_state=None, shuffle=False), n_jobs=-1
2022-08-29 01:05:30,854:INFO:Calculating mean and std
2022-08-29 01:05:30,856:INFO:Creating metrics dataframe
2022-08-29 01:05:30,864:INFO:Uploading results into container
2022-08-29 01:05:30,864:INFO:Uploading model into container now
2022-08-29 01:05:30,864:INFO:create_model_container: 6
2022-08-29 01:05:30,864:INFO:master_model_container: 6
2022-08-29 01:05:30,864:INFO:display_container: 4
2022-08-29 01:05:30,865:INFO:DecisionTreeClassifier(ccp_alpha=0.0, class_weight=None, criterion='gini',
                       max_depth=None, max_features=None, max_leaf_nodes=None,
                       min_impurity_decrease=0.0, min_impurity_split=None,
                       min_samples_leaf=1, min_samples_split=2,
                       min_weight_fraction_leaf=0.0, presort='deprecated',
                       random_state=123, splitter='best')
2022-08-29 01:05:30,865:INFO:create_model() succesfully completed......................................
2022-08-29 01:05:31,143:INFO:SubProcess create_model() end ==================================
2022-08-29 01:05:31,144:INFO:Creating metrics dataframe
2022-08-29 01:05:31,161:INFO:Initializing SVM - Linear Kernel
2022-08-29 01:05:31,161:INFO:Total runtime is 0.07438824574152629 minutes
2022-08-29 01:05:31,171:INFO:SubProcess create_model() called ==================================
2022-08-29 01:05:31,172:INFO:Initializing create_model()
2022-08-29 01:05:31,172:INFO:create_model(estimator=svm, fold=StratifiedKFold(n_splits=10, random_state=None, shuffle=False), round=4, cross_validation=True, predict=True, fit_kwargs={}, groups=None, refit=False, verbose=False, system=False, metrics=None, experiment_custom_tags=None, add_to_model_list=True, probability_threshold=None, display=<pycaret.internal.Display.Display object at 0x7fa50c7712b0>, return_train_score=False, kwargs={})
2022-08-29 01:05:31,172:INFO:Checking exceptions
2022-08-29 01:05:31,172:INFO:Importing libraries
2022-08-29 01:05:31,172:INFO:Copying training dataset
2022-08-29 01:05:31,173:INFO:Defining folds
2022-08-29 01:05:31,173:INFO:Declaring metric variables
2022-08-29 01:05:31,181:INFO:Importing untrained model
2022-08-29 01:05:31,190:INFO:SVM - Linear Kernel Imported succesfully
2022-08-29 01:05:31,208:INFO:Starting cross validation
2022-08-29 01:05:31,209:INFO:Cross validating with StratifiedKFold(n_splits=10, random_state=None, shuffle=False), n_jobs=-1
2022-08-29 01:05:31,362:INFO:Calculating mean and std
2022-08-29 01:05:31,364:INFO:Creating metrics dataframe
2022-08-29 01:05:31,370:INFO:Uploading results into container
2022-08-29 01:05:31,370:INFO:Uploading model into container now
2022-08-29 01:05:31,370:INFO:create_model_container: 7
2022-08-29 01:05:31,370:INFO:master_model_container: 7
2022-08-29 01:05:31,370:INFO:display_container: 4
2022-08-29 01:05:31,371:INFO:SGDClassifier(alpha=0.0001, average=False, class_weight=None,
              early_stopping=False, epsilon=0.1, eta0=0.001, fit_intercept=True,
              l1_ratio=0.15, learning_rate='optimal', loss='hinge',
              max_iter=1000, n_iter_no_change=5, n_jobs=-1, penalty='l2',
              power_t=0.5, random_state=123, shuffle=True, tol=0.001,
              validation_fraction=0.1, verbose=0, warm_start=False)
2022-08-29 01:05:31,371:INFO:create_model() succesfully completed......................................
2022-08-29 01:05:31,653:INFO:SubProcess create_model() end ==================================
2022-08-29 01:05:31,653:INFO:Creating metrics dataframe
2022-08-29 01:05:31,670:INFO:Initializing Ridge Classifier
2022-08-29 01:05:31,670:INFO:Total runtime is 0.08287189801534017 minutes
2022-08-29 01:05:31,679:INFO:SubProcess create_model() called ==================================
2022-08-29 01:05:31,680:INFO:Initializing create_model()
2022-08-29 01:05:31,680:INFO:create_model(estimator=ridge, fold=StratifiedKFold(n_splits=10, random_state=None, shuffle=False), round=4, cross_validation=True, predict=True, fit_kwargs={}, groups=None, refit=False, verbose=False, system=False, metrics=None, experiment_custom_tags=None, add_to_model_list=True, probability_threshold=None, display=<pycaret.internal.Display.Display object at 0x7fa50c7712b0>, return_train_score=False, kwargs={})
2022-08-29 01:05:31,680:INFO:Checking exceptions
2022-08-29 01:05:31,680:INFO:Importing libraries
2022-08-29 01:05:31,680:INFO:Copying training dataset
2022-08-29 01:05:31,681:INFO:Defining folds
2022-08-29 01:05:31,681:INFO:Declaring metric variables
2022-08-29 01:05:31,690:INFO:Importing untrained model
2022-08-29 01:05:31,699:INFO:Ridge Classifier Imported succesfully
2022-08-29 01:05:31,716:INFO:Starting cross validation
2022-08-29 01:05:31,717:INFO:Cross validating with StratifiedKFold(n_splits=10, random_state=None, shuffle=False), n_jobs=-1
2022-08-29 01:05:31,905:INFO:Calculating mean and std
2022-08-29 01:05:31,906:INFO:Creating metrics dataframe
2022-08-29 01:05:31,914:INFO:Uploading results into container
2022-08-29 01:05:31,914:INFO:Uploading model into container now
2022-08-29 01:05:31,914:INFO:create_model_container: 8
2022-08-29 01:05:31,914:INFO:master_model_container: 8
2022-08-29 01:05:31,914:INFO:display_container: 4
2022-08-29 01:05:31,915:INFO:RidgeClassifier(alpha=1.0, class_weight=None, copy_X=True, fit_intercept=True,
                max_iter=None, normalize=False, random_state=123, solver='auto',
                tol=0.001)
2022-08-29 01:05:31,915:INFO:create_model() succesfully completed......................................
2022-08-29 01:05:32,204:INFO:SubProcess create_model() end ==================================
2022-08-29 01:05:32,204:INFO:Creating metrics dataframe
2022-08-29 01:05:32,221:INFO:Initializing Random Forest Classifier
2022-08-29 01:05:32,221:INFO:Total runtime is 0.09205682277679444 minutes
2022-08-29 01:05:32,231:INFO:SubProcess create_model() called ==================================
2022-08-29 01:05:32,231:INFO:Initializing create_model()
2022-08-29 01:05:32,231:INFO:create_model(estimator=rf, fold=StratifiedKFold(n_splits=10, random_state=None, shuffle=False), round=4, cross_validation=True, predict=True, fit_kwargs={}, groups=None, refit=False, verbose=False, system=False, metrics=None, experiment_custom_tags=None, add_to_model_list=True, probability_threshold=None, display=<pycaret.internal.Display.Display object at 0x7fa50c7712b0>, return_train_score=False, kwargs={})
2022-08-29 01:05:32,231:INFO:Checking exceptions
2022-08-29 01:05:32,231:INFO:Importing libraries
2022-08-29 01:05:32,231:INFO:Copying training dataset
2022-08-29 01:05:32,232:INFO:Defining folds
2022-08-29 01:05:32,233:INFO:Declaring metric variables
2022-08-29 01:05:32,241:INFO:Importing untrained model
2022-08-29 01:05:32,249:INFO:Random Forest Classifier Imported succesfully
2022-08-29 01:05:32,266:INFO:Starting cross validation
2022-08-29 01:05:32,267:INFO:Cross validating with StratifiedKFold(n_splits=10, random_state=None, shuffle=False), n_jobs=-1
2022-08-29 01:05:41,110:INFO:Calculating mean and std
2022-08-29 01:05:41,112:INFO:Creating metrics dataframe
2022-08-29 01:05:41,119:INFO:Uploading results into container
2022-08-29 01:05:41,120:INFO:Uploading model into container now
2022-08-29 01:05:41,120:INFO:create_model_container: 9
2022-08-29 01:05:41,120:INFO:master_model_container: 9
2022-08-29 01:05:41,120:INFO:display_container: 4
2022-08-29 01:05:41,121:INFO:RandomForestClassifier(bootstrap=True, ccp_alpha=0.0, class_weight=None,
                       criterion='gini', max_depth=None, max_features='auto',
                       max_leaf_nodes=None, max_samples=None,
                       min_impurity_decrease=0.0, min_impurity_split=None,
                       min_samples_leaf=1, min_samples_split=2,
                       min_weight_fraction_leaf=0.0, n_estimators=100,
                       n_jobs=-1, oob_score=False, random_state=123, verbose=0,
                       warm_start=False)
2022-08-29 01:05:41,121:INFO:create_model() succesfully completed......................................
2022-08-29 01:05:41,429:INFO:SubProcess create_model() end ==================================
2022-08-29 01:05:41,429:INFO:Creating metrics dataframe
2022-08-29 01:05:41,467:INFO:Initializing Quadratic Discriminant Analysis
2022-08-29 01:05:41,467:INFO:Total runtime is 0.24615078369776408 minutes
2022-08-29 01:05:41,495:INFO:SubProcess create_model() called ==================================
2022-08-29 01:05:41,496:INFO:Initializing create_model()
2022-08-29 01:05:41,496:INFO:create_model(estimator=qda, fold=StratifiedKFold(n_splits=10, random_state=None, shuffle=False), round=4, cross_validation=True, predict=True, fit_kwargs={}, groups=None, refit=False, verbose=False, system=False, metrics=None, experiment_custom_tags=None, add_to_model_list=True, probability_threshold=None, display=<pycaret.internal.Display.Display object at 0x7fa50c7712b0>, return_train_score=False, kwargs={})
2022-08-29 01:05:41,496:INFO:Checking exceptions
2022-08-29 01:05:41,497:INFO:Importing libraries
2022-08-29 01:05:41,497:INFO:Copying training dataset
2022-08-29 01:05:41,499:INFO:Defining folds
2022-08-29 01:05:41,499:INFO:Declaring metric variables
2022-08-29 01:05:41,508:INFO:Importing untrained model
2022-08-29 01:05:41,516:INFO:Quadratic Discriminant Analysis Imported succesfully
2022-08-29 01:05:41,557:INFO:Starting cross validation
2022-08-29 01:05:41,558:INFO:Cross validating with StratifiedKFold(n_splits=10, random_state=None, shuffle=False), n_jobs=-1
2022-08-29 01:05:41,698:INFO:Calculating mean and std
2022-08-29 01:05:41,700:INFO:Creating metrics dataframe
2022-08-29 01:05:41,707:INFO:Uploading results into container
2022-08-29 01:05:41,708:INFO:Uploading model into container now
2022-08-29 01:05:41,708:INFO:create_model_container: 10
2022-08-29 01:05:41,708:INFO:master_model_container: 10
2022-08-29 01:05:41,708:INFO:display_container: 4
2022-08-29 01:05:41,708:INFO:QuadraticDiscriminantAnalysis(priors=None, reg_param=0.0,
                              store_covariance=False, tol=0.0001)
2022-08-29 01:05:41,708:INFO:create_model() succesfully completed......................................
2022-08-29 01:05:42,047:INFO:SubProcess create_model() end ==================================
2022-08-29 01:05:42,047:INFO:Creating metrics dataframe
2022-08-29 01:05:42,086:INFO:Initializing Ada Boost Classifier
2022-08-29 01:05:42,086:INFO:Total runtime is 0.2564723531405131 minutes
2022-08-29 01:05:42,126:INFO:SubProcess create_model() called ==================================
2022-08-29 01:05:42,126:INFO:Initializing create_model()
2022-08-29 01:05:42,126:INFO:create_model(estimator=ada, fold=StratifiedKFold(n_splits=10, random_state=None, shuffle=False), round=4, cross_validation=True, predict=True, fit_kwargs={}, groups=None, refit=False, verbose=False, system=False, metrics=None, experiment_custom_tags=None, add_to_model_list=True, probability_threshold=None, display=<pycaret.internal.Display.Display object at 0x7fa50c7712b0>, return_train_score=False, kwargs={})
2022-08-29 01:05:42,126:INFO:Checking exceptions
2022-08-29 01:05:42,126:INFO:Importing libraries
2022-08-29 01:05:42,126:INFO:Copying training dataset
2022-08-29 01:05:42,128:INFO:Defining folds
2022-08-29 01:05:42,128:INFO:Declaring metric variables
2022-08-29 01:05:42,166:INFO:Importing untrained model
2022-08-29 01:05:42,206:INFO:Ada Boost Classifier Imported succesfully
2022-08-29 01:05:42,286:INFO:Starting cross validation
2022-08-29 01:05:42,342:INFO:Cross validating with StratifiedKFold(n_splits=10, random_state=None, shuffle=False), n_jobs=-1
2022-08-29 01:05:42,742:INFO:Calculating mean and std
2022-08-29 01:05:42,744:INFO:Creating metrics dataframe
2022-08-29 01:05:42,751:INFO:Uploading results into container
2022-08-29 01:05:42,751:INFO:Uploading model into container now
2022-08-29 01:05:42,751:INFO:create_model_container: 11
2022-08-29 01:05:42,751:INFO:master_model_container: 11
2022-08-29 01:05:42,751:INFO:display_container: 4
2022-08-29 01:05:42,751:INFO:AdaBoostClassifier(algorithm='SAMME.R', base_estimator=None, learning_rate=1.0,
                   n_estimators=50, random_state=123)
2022-08-29 01:05:42,751:INFO:create_model() succesfully completed......................................
2022-08-29 01:05:43,051:INFO:SubProcess create_model() end ==================================
2022-08-29 01:05:43,051:INFO:Creating metrics dataframe
2022-08-29 01:05:43,071:INFO:Initializing Gradient Boosting Classifier
2022-08-29 01:05:43,071:INFO:Total runtime is 0.27288129329681393 minutes
2022-08-29 01:05:43,081:INFO:SubProcess create_model() called ==================================
2022-08-29 01:05:43,082:INFO:Initializing create_model()
2022-08-29 01:05:43,082:INFO:create_model(estimator=gbc, fold=StratifiedKFold(n_splits=10, random_state=None, shuffle=False), round=4, cross_validation=True, predict=True, fit_kwargs={}, groups=None, refit=False, verbose=False, system=False, metrics=None, experiment_custom_tags=None, add_to_model_list=True, probability_threshold=None, display=<pycaret.internal.Display.Display object at 0x7fa50c7712b0>, return_train_score=False, kwargs={})
2022-08-29 01:05:43,082:INFO:Checking exceptions
2022-08-29 01:05:43,082:INFO:Importing libraries
2022-08-29 01:05:43,082:INFO:Copying training dataset
2022-08-29 01:05:43,083:INFO:Defining folds
2022-08-29 01:05:43,083:INFO:Declaring metric variables
2022-08-29 01:05:43,092:INFO:Importing untrained model
2022-08-29 01:05:43,102:INFO:Gradient Boosting Classifier Imported succesfully
2022-08-29 01:05:43,120:INFO:Starting cross validation
2022-08-29 01:05:43,121:INFO:Cross validating with StratifiedKFold(n_splits=10, random_state=None, shuffle=False), n_jobs=-1
2022-08-29 01:05:43,926:INFO:Calculating mean and std
2022-08-29 01:05:43,928:INFO:Creating metrics dataframe
2022-08-29 01:05:43,935:INFO:Uploading results into container
2022-08-29 01:05:43,935:INFO:Uploading model into container now
2022-08-29 01:05:43,935:INFO:create_model_container: 12
2022-08-29 01:05:43,935:INFO:master_model_container: 12
2022-08-29 01:05:43,935:INFO:display_container: 4
2022-08-29 01:05:43,936:INFO:GradientBoostingClassifier(ccp_alpha=0.0, criterion='friedman_mse', init=None,
                           learning_rate=0.1, loss='deviance', max_depth=3,
                           max_features=None, max_leaf_nodes=None,
                           min_impurity_decrease=0.0, min_impurity_split=None,
                           min_samples_leaf=1, min_samples_split=2,
                           min_weight_fraction_leaf=0.0, n_estimators=100,
                           n_iter_no_change=None, presort='deprecated',
                           random_state=123, subsample=1.0, tol=0.0001,
                           validation_fraction=0.1, verbose=0,
                           warm_start=False)
2022-08-29 01:05:43,936:INFO:create_model() succesfully completed......................................
2022-08-29 01:05:44,229:INFO:SubProcess create_model() end ==================================
2022-08-29 01:05:44,229:INFO:Creating metrics dataframe
2022-08-29 01:05:44,257:INFO:Initializing Linear Discriminant Analysis
2022-08-29 01:05:44,257:INFO:Total runtime is 0.292658797899882 minutes
2022-08-29 01:05:44,269:INFO:SubProcess create_model() called ==================================
2022-08-29 01:05:44,270:INFO:Initializing create_model()
2022-08-29 01:05:44,271:INFO:create_model(estimator=lda, fold=StratifiedKFold(n_splits=10, random_state=None, shuffle=False), round=4, cross_validation=True, predict=True, fit_kwargs={}, groups=None, refit=False, verbose=False, system=False, metrics=None, experiment_custom_tags=None, add_to_model_list=True, probability_threshold=None, display=<pycaret.internal.Display.Display object at 0x7fa50c7712b0>, return_train_score=False, kwargs={})
2022-08-29 01:05:44,271:INFO:Checking exceptions
2022-08-29 01:05:44,271:INFO:Importing libraries
2022-08-29 01:05:44,271:INFO:Copying training dataset
2022-08-29 01:05:44,273:INFO:Defining folds
2022-08-29 01:05:44,274:INFO:Declaring metric variables
2022-08-29 01:05:44,282:INFO:Importing untrained model
2022-08-29 01:05:44,292:INFO:Linear Discriminant Analysis Imported succesfully
2022-08-29 01:05:44,309:INFO:Starting cross validation
2022-08-29 01:05:44,310:INFO:Cross validating with StratifiedKFold(n_splits=10, random_state=None, shuffle=False), n_jobs=-1
2022-08-29 01:05:44,495:INFO:Calculating mean and std
2022-08-29 01:05:44,497:INFO:Creating metrics dataframe
2022-08-29 01:05:44,504:INFO:Uploading results into container
2022-08-29 01:05:44,504:INFO:Uploading model into container now
2022-08-29 01:05:44,504:INFO:create_model_container: 13
2022-08-29 01:05:44,504:INFO:master_model_container: 13
2022-08-29 01:05:44,504:INFO:display_container: 4
2022-08-29 01:05:44,504:INFO:LinearDiscriminantAnalysis(n_components=None, priors=None, shrinkage=None,
                           solver='svd', store_covariance=False, tol=0.0001)
2022-08-29 01:05:44,504:INFO:create_model() succesfully completed......................................
2022-08-29 01:05:44,804:INFO:SubProcess create_model() end ==================================
2022-08-29 01:05:44,804:INFO:Creating metrics dataframe
2022-08-29 01:05:44,824:INFO:Initializing Extra Trees Classifier
2022-08-29 01:05:44,825:INFO:Total runtime is 0.3021157304445902 minutes
2022-08-29 01:05:44,836:INFO:SubProcess create_model() called ==================================
2022-08-29 01:05:44,836:INFO:Initializing create_model()
2022-08-29 01:05:44,836:INFO:create_model(estimator=et, fold=StratifiedKFold(n_splits=10, random_state=None, shuffle=False), round=4, cross_validation=True, predict=True, fit_kwargs={}, groups=None, refit=False, verbose=False, system=False, metrics=None, experiment_custom_tags=None, add_to_model_list=True, probability_threshold=None, display=<pycaret.internal.Display.Display object at 0x7fa50c7712b0>, return_train_score=False, kwargs={})
2022-08-29 01:05:44,836:INFO:Checking exceptions
2022-08-29 01:05:44,837:INFO:Importing libraries
2022-08-29 01:05:44,837:INFO:Copying training dataset
2022-08-29 01:05:44,838:INFO:Defining folds
2022-08-29 01:05:44,838:INFO:Declaring metric variables
2022-08-29 01:05:44,847:INFO:Importing untrained model
2022-08-29 01:05:44,856:INFO:Extra Trees Classifier Imported succesfully
2022-08-29 01:05:44,877:INFO:Starting cross validation
2022-08-29 01:05:44,878:INFO:Cross validating with StratifiedKFold(n_splits=10, random_state=None, shuffle=False), n_jobs=-1
2022-08-29 01:05:52,870:INFO:Calculating mean and std
2022-08-29 01:05:52,872:INFO:Creating metrics dataframe
2022-08-29 01:05:52,897:INFO:Uploading results into container
2022-08-29 01:05:52,898:INFO:Uploading model into container now
2022-08-29 01:05:52,898:INFO:create_model_container: 14
2022-08-29 01:05:52,898:INFO:master_model_container: 14
2022-08-29 01:05:52,898:INFO:display_container: 4
2022-08-29 01:05:52,898:INFO:ExtraTreesClassifier(bootstrap=False, ccp_alpha=0.0, class_weight=None,
                     criterion='gini', max_depth=None, max_features='auto',
                     max_leaf_nodes=None, max_samples=None,
                     min_impurity_decrease=0.0, min_impurity_split=None,
                     min_samples_leaf=1, min_samples_split=2,
                     min_weight_fraction_leaf=0.0, n_estimators=100, n_jobs=-1,
                     oob_score=False, random_state=123, verbose=0,
                     warm_start=False)
2022-08-29 01:05:52,898:INFO:create_model() succesfully completed......................................
2022-08-29 01:05:53,190:INFO:SubProcess create_model() end ==================================
2022-08-29 01:05:53,190:INFO:Creating metrics dataframe
2022-08-29 01:05:53,211:INFO:Initializing Light Gradient Boosting Machine
2022-08-29 01:05:53,211:INFO:Total runtime is 0.44188834826151524 minutes
2022-08-29 01:05:53,222:INFO:SubProcess create_model() called ==================================
2022-08-29 01:05:53,222:INFO:Initializing create_model()
2022-08-29 01:05:53,222:INFO:create_model(estimator=lightgbm, fold=StratifiedKFold(n_splits=10, random_state=None, shuffle=False), round=4, cross_validation=True, predict=True, fit_kwargs={}, groups=None, refit=False, verbose=False, system=False, metrics=None, experiment_custom_tags=None, add_to_model_list=True, probability_threshold=None, display=<pycaret.internal.Display.Display object at 0x7fa50c7712b0>, return_train_score=False, kwargs={})
2022-08-29 01:05:53,223:INFO:Checking exceptions
2022-08-29 01:05:53,223:INFO:Importing libraries
2022-08-29 01:05:53,223:INFO:Copying training dataset
2022-08-29 01:05:53,224:INFO:Defining folds
2022-08-29 01:05:53,224:INFO:Declaring metric variables
2022-08-29 01:05:53,232:INFO:Importing untrained model
2022-08-29 01:05:53,240:INFO:Light Gradient Boosting Machine Imported succesfully
2022-08-29 01:05:53,256:INFO:Starting cross validation
2022-08-29 01:05:53,257:INFO:Cross validating with StratifiedKFold(n_splits=10, random_state=None, shuffle=False), n_jobs=-1
2022-08-29 01:05:53,624:INFO:Calculating mean and std
2022-08-29 01:05:53,626:INFO:Creating metrics dataframe
2022-08-29 01:05:53,632:INFO:Uploading results into container
2022-08-29 01:05:53,632:INFO:Uploading model into container now
2022-08-29 01:05:53,632:INFO:create_model_container: 15
2022-08-29 01:05:53,633:INFO:master_model_container: 15
2022-08-29 01:05:53,633:INFO:display_container: 4
2022-08-29 01:05:53,633:INFO:LGBMClassifier(boosting_type='gbdt', class_weight=None, colsample_bytree=1.0,
               importance_type='split', learning_rate=0.1, max_depth=-1,
               min_child_samples=20, min_child_weight=0.001, min_split_gain=0.0,
               n_estimators=100, n_jobs=-1, num_leaves=31, objective=None,
               random_state=123, reg_alpha=0.0, reg_lambda=0.0, silent='warn',
               subsample=1.0, subsample_for_bin=200000, subsample_freq=0)
2022-08-29 01:05:53,633:INFO:create_model() succesfully completed......................................
2022-08-29 01:05:53,851:INFO:SubProcess create_model() end ==================================
2022-08-29 01:05:53,853:INFO:Creating metrics dataframe
2022-08-29 01:05:53,875:INFO:Initializing Dummy Classifier
2022-08-29 01:05:53,875:INFO:Total runtime is 0.4529531399408976 minutes
2022-08-29 01:05:53,888:INFO:SubProcess create_model() called ==================================
2022-08-29 01:05:53,889:INFO:Initializing create_model()
2022-08-29 01:05:53,889:INFO:create_model(estimator=dummy, fold=StratifiedKFold(n_splits=10, random_state=None, shuffle=False), round=4, cross_validation=True, predict=True, fit_kwargs={}, groups=None, refit=False, verbose=False, system=False, metrics=None, experiment_custom_tags=None, add_to_model_list=True, probability_threshold=None, display=<pycaret.internal.Display.Display object at 0x7fa50c7712b0>, return_train_score=False, kwargs={})
2022-08-29 01:05:53,889:INFO:Checking exceptions
2022-08-29 01:05:53,889:INFO:Importing libraries
2022-08-29 01:05:53,889:INFO:Copying training dataset
2022-08-29 01:05:53,890:INFO:Defining folds
2022-08-29 01:05:53,890:INFO:Declaring metric variables
2022-08-29 01:05:53,900:INFO:Importing untrained model
2022-08-29 01:05:53,909:INFO:Dummy Classifier Imported succesfully
2022-08-29 01:05:53,931:INFO:Starting cross validation
2022-08-29 01:05:53,932:INFO:Cross validating with StratifiedKFold(n_splits=10, random_state=None, shuffle=False), n_jobs=-1
2022-08-29 01:05:54,067:INFO:Calculating mean and std
2022-08-29 01:05:54,068:INFO:Creating metrics dataframe
2022-08-29 01:05:54,074:INFO:Uploading results into container
2022-08-29 01:05:54,074:INFO:Uploading model into container now
2022-08-29 01:05:54,074:INFO:create_model_container: 16
2022-08-29 01:05:54,074:INFO:master_model_container: 16
2022-08-29 01:05:54,074:INFO:display_container: 4
2022-08-29 01:05:54,075:INFO:DummyClassifier(constant=None, random_state=123, strategy='prior')
2022-08-29 01:05:54,075:INFO:create_model() succesfully completed......................................
2022-08-29 01:05:54,335:INFO:SubProcess create_model() end ==================================
2022-08-29 01:05:54,335:INFO:Creating metrics dataframe
2022-08-29 01:05:54,423:INFO:Initializing create_model()
2022-08-29 01:05:54,423:INFO:create_model(estimator=GradientBoostingClassifier(ccp_alpha=0.0, criterion='friedman_mse', init=None,
                           learning_rate=0.1, loss='deviance', max_depth=3,
                           max_features=None, max_leaf_nodes=None,
                           min_impurity_decrease=0.0, min_impurity_split=None,
                           min_samples_leaf=1, min_samples_split=2,
                           min_weight_fraction_leaf=0.0, n_estimators=100,
                           n_iter_no_change=None, presort='deprecated',
                           random_state=123, subsample=1.0, tol=0.0001,
                           validation_fraction=0.1, verbose=0,
                           warm_start=False), fold=StratifiedKFold(n_splits=10, random_state=None, shuffle=False), round=4, cross_validation=False, predict=False, fit_kwargs={}, groups=None, refit=True, verbose=False, system=False, metrics=None, experiment_custom_tags=None, add_to_model_list=True, probability_threshold=None, display=None, return_train_score=False, kwargs={})
2022-08-29 01:05:54,423:INFO:Checking exceptions
2022-08-29 01:05:54,423:INFO:Importing libraries
2022-08-29 01:05:54,424:INFO:Copying training dataset
2022-08-29 01:05:54,424:INFO:Defining folds
2022-08-29 01:05:54,424:INFO:Declaring metric variables
2022-08-29 01:05:54,424:INFO:Importing untrained model
2022-08-29 01:05:54,424:INFO:Declaring custom model
2022-08-29 01:05:54,425:INFO:Gradient Boosting Classifier Imported succesfully
2022-08-29 01:05:54,426:INFO:Cross validation set to False
2022-08-29 01:05:54,426:INFO:Fitting Model
2022-08-29 01:05:54,992:INFO:GradientBoostingClassifier(ccp_alpha=0.0, criterion='friedman_mse', init=None,
                           learning_rate=0.1, loss='deviance', max_depth=3,
                           max_features=None, max_leaf_nodes=None,
                           min_impurity_decrease=0.0, min_impurity_split=None,
                           min_samples_leaf=1, min_samples_split=2,
                           min_weight_fraction_leaf=0.0, n_estimators=100,
                           n_iter_no_change=None, presort='deprecated',
                           random_state=123, subsample=1.0, tol=0.0001,
                           validation_fraction=0.1, verbose=0,
                           warm_start=False)
2022-08-29 01:05:54,992:INFO:create_models() succesfully completed......................................
2022-08-29 01:05:55,250:INFO:create_model_container: 16
2022-08-29 01:05:55,251:INFO:master_model_container: 16
2022-08-29 01:05:55,251:INFO:display_container: 4
2022-08-29 01:05:55,252:INFO:GradientBoostingClassifier(ccp_alpha=0.0, criterion='friedman_mse', init=None,
                           learning_rate=0.1, loss='deviance', max_depth=3,
                           max_features=None, max_leaf_nodes=None,
                           min_impurity_decrease=0.0, min_impurity_split=None,
                           min_samples_leaf=1, min_samples_split=2,
                           min_weight_fraction_leaf=0.0, n_estimators=100,
                           n_iter_no_change=None, presort='deprecated',
                           random_state=123, subsample=1.0, tol=0.0001,
                           validation_fraction=0.1, verbose=0,
                           warm_start=False)
2022-08-29 01:05:55,252:INFO:compare_models() succesfully completed......................................
